{"level":"info","message":"Parameters 1 and 3 received for addition","service":"calculate-service"}
{"level":"info","message":"Parameters 1 and 5 received for addition","service":"calculate-service"}
{"level":"error","message":"n2 is incorrectly defined","service":"calculate-service"}
{"level":"error","message":"n2 is incorrectly defined","service":"calculate-service"}
{"level":"error","message":"n1 is incorrectly defined","service":"calculate-service"}
{"level":"error","message":"n1 is incorrectly defined","service":"calculate-service"}
{"level":"error","message":"Invalid parameters for addition: n1=NaN, n2=NaN","service":"calculate-service"}
{"level":"info","message":"Parameters 1 and 2 received for addition","service":"calculate-service"}
{"level":"error","message":"Invalid parameters for addition: n1=NaN, n2=2","service":"calculate-service"}
{"level":"error","message":"Invalid parameters for subtraction: n1=NaN, n2=2","service":"calculate-service"}
{"level":"info","message":"Parameters 5 and 2 received for subtraction","service":"calculate-service"}
{"level":"info","message":"Parameters 1 and 2 received for subtraction","service":"calculate-service"}
{"level":"info","message":"Parameters 1 and 2 received for addition","service":"calculate-service"}
{"level":"info","message":"Parameters 1 and 2 received for exponentiation","service":"calculate-service"}
{"level":"info","message":"Parameters 10 and 2 received for exponentiation","service":"calculate-service"}
{"level":"info","message":"Parameters 10 and 2 received for square root","service":"calculate-service"}
{"level":"info","message":"Parameters 2 and 2 received for square root","service":"calculate-service"}
{"level":"error","message":"Invalid parameters for square root: n1=5, n2=NaN","service":"calculate-service"}
{"level":"info","message":"Parameters 4 and 2 received for square root","service":"calculate-service"}
{"level":"error","message":"Invalid parameters for square root: n1=4, n2=NaN","service":"calculate-service"}
{"level":"info","message":"Parameters 4 and 6 received for square root","service":"calculate-service"}
{"level":"info","message":"Parameters 4 and 6 received for square root","service":"calculate-service"}
{"level":"error","message":"Invalid parameters for square root: n1=4, n2=NaN","service":"calculate-service"}
{"level":"info","message":"Parameters 1 and 2 received for subtraction","service":"calculate-service"}
{"level":"info","message":"Parameters 1 and 2 received for subtraction","service":"calculate-service"}
{"level":"info","message":"Parameters 4 and NaN received for square root","service":"calculate-service"}
{"level":"info","message":"Parameters 45 and NaN received for square root","service":"calculate-service"}
{"level":"info","message":"Parameters 4 and NaN received for square root","service":"calculate-service"}
{"level":"info","message":"Parameters 7 and NaN received for square root","service":"calculate-service"}
